2026-05-09 14:59:55,580 | INFO | ======================================================================
2026-05-09 14:59:55,581 | INFO | SAMSUNG WAREHOUSE SETUP - STARTING
2026-05-09 14:59:55,581 | INFO | ======================================================================
2026-05-09 14:59:55,581 | INFO | Connecting to PostgreSQL Database...
2026-05-09 14:59:55,660 | INFO | Database connection Established Successfully.

2026-05-09 14:59:55,660 | INFO | ======================================================================
2026-05-09 14:59:55,660 | INFO | DROPPING EXISTING TABLES
2026-05-09 14:59:55,661 | INFO | ======================================================================
2026-05-09 14:59:55,662 | INFO | Dropped table: as2_complaints
2026-05-09 14:59:55,662 | INFO | Dropped table: as2_returns
2026-05-09 14:59:55,663 | INFO | Dropped table: as2_service_centers
2026-05-09 14:59:55,663 | INFO | Dropped table: crm_customers
2026-05-09 14:59:55,663 | INFO | Dropped table: crm_product_reviews
2026-05-09 14:59:55,664 | INFO | Dropped table: fip_financial_transactions
2026-05-09 14:59:55,664 | INFO | Dropped table: hrm_campaigns
2026-05-09 14:59:55,665 | INFO | Dropped table: hrm_employees
2026-05-09 14:59:55,665 | INFO | Dropped table: hrm_products
2026-05-09 14:59:55,666 | INFO | Dropped table: sci_inventory
2026-05-09 14:59:55,666 | INFO | Dropped table: sci_suppliers
2026-05-09 14:59:55,667 | INFO | Dropped table: sci_warehouses
2026-05-09 14:59:55,667 | INFO | Dropped table: snd_dealers
2026-05-09 14:59:55,668 | INFO | Dropped table: snd_sales_transactions
2026-05-09 14:59:55,668 | INFO | ======================================================================
2026-05-09 14:59:55,668 | INFO | Dropped 14/14 tables
2026-05-09 14:59:55,668 | INFO | ======================================================================

2026-05-09 14:59:55,668 | INFO | ======================================================================
2026-05-09 14:59:55,668 | INFO | Starting Bronze Layer Table Creation Process...
2026-05-09 14:59:55,668 | INFO | ======================================================================
2026-05-09 14:59:55,669 | INFO | Executing: as2_complaints Table Query
2026-05-09 14:59:55,755 | INFO | as2_complaints Created Successfully in (0.09s).
2026-05-09 14:59:55,755 | INFO | Executing: as2_returns Table Query
2026-05-09 14:59:55,761 | INFO | as2_returns Created Successfully in (0.00s).
2026-05-09 14:59:55,761 | INFO | Executing: as2_service_centers Table Query
2026-05-09 14:59:55,766 | INFO | as2_service_centers Created Successfully in (0.00s).
2026-05-09 14:59:55,766 | INFO | Executing: crm_customers Table Query
2026-05-09 14:59:55,771 | INFO | crm_customers Created Successfully in (0.01s).
2026-05-09 14:59:55,771 | INFO | Executing: crm_product_reviews Table Query
2026-05-09 14:59:55,776 | INFO | crm_product_reviews Created Successfully in (0.00s).
2026-05-09 14:59:55,776 | INFO | Executing: fip_financial_transactions Table Query
2026-05-09 14:59:55,781 | INFO | fip_financial_transactions Created Successfully in (0.00s).
2026-05-09 14:59:55,781 | INFO | Executing: hrm_campaigns Table Query
2026-05-09 14:59:55,786 | INFO | hrm_campaigns Created Successfully in (0.00s).
2026-05-09 14:59:55,786 | INFO | Executing: hrm_employees Table Query
2026-05-09 14:59:55,792 | INFO | hrm_employees Created Successfully in (0.01s).
2026-05-09 14:59:55,792 | INFO | Executing: hrm_products Table Query
2026-05-09 14:59:55,801 | INFO | hrm_products Created Successfully in (0.01s).
2026-05-09 14:59:55,801 | INFO | Executing: sci_inventory Table Query
2026-05-09 14:59:55,808 | INFO | sci_inventory Created Successfully in (0.01s).
2026-05-09 14:59:55,808 | INFO | Executing: sci_suppliers Table Query
2026-05-09 14:59:55,813 | INFO | sci_suppliers Created Successfully in (0.00s).
2026-05-09 14:59:55,813 | INFO | Executing: sci_warehouses Table Query
2026-05-09 14:59:55,819 | INFO | sci_warehouses Created Successfully in (0.01s).
2026-05-09 14:59:55,819 | INFO | Executing: snd_dealers Table Query
2026-05-09 14:59:55,824 | INFO | snd_dealers Created Successfully in (0.00s).
2026-05-09 14:59:55,824 | INFO | Executing: snd_sales_transactions Table Query
2026-05-09 14:59:55,829 | INFO | snd_sales_transactions Created Successfully in (0.00s).
2026-05-09 14:59:55,829 | INFO | ======================================================================
2026-05-09 14:59:55,829 | INFO | TABLE CREATION SUMMARY
2026-05-09 14:59:55,829 | INFO | ======================================================================
2026-05-09 14:59:55,830 | INFO | Total operations: 14
2026-05-09 14:59:55,830 | INFO | Successful: 14
2026-05-09 14:59:55,830 | INFO | Failed: 0
2026-05-09 14:59:55,830 | INFO | ======================================================================

2026-05-09 14:59:55,830 | INFO | All Tables created successfully!

2026-05-09 14:59:55,830 | INFO | ======================================================================
2026-05-09 14:59:55,830 | INFO | BRONZE LAYER TABLES CREATION COMPLETED SUCCESSFULLY
2026-05-09 14:59:55,830 | INFO | Total time: 0.25 seconds
2026-05-09 14:59:55,830 | INFO | ======================================================================

2026-05-09 14:59:55,834 | INFO | Database connection closed.
